<?xml version="1.0" encoding="UTF-8"?>
<!-- Generated by org.testng.reporters.JUnitReportReporter -->
<testsuite hostname="SWQA-NV-LEN" failures="1" tests="3" name="com.qa.tests.LoginTests" time="26.170" errors="0" timestamp="2025-09-15T09:51:17 PDT" skipped="0">
  <testcase classname="com.qa.tests.LoginTests" name="invalidPassword" time="14.617"/>
  <testcase classname="com.qa.tests.LoginTests" name="successfulLogin" time="5.225"/>
  <testcase classname="com.qa.tests.LoginTests" name="invalidUserNameTest" time="6.328">
    <failure message="expected [Username and password do not match any user in this service.] but found [Username and password do not match any user in this service.DSDS]" type="java.lang.AssertionError">
      <![CDATA[java.lang.AssertionError: expected [Username and password do not match any user in this service.] but found [Username and password do not match any user in this service.DSDS]
at org.testng.Assert.fail(Assert.java:111)
at org.testng.Assert.failNotEquals(Assert.java:1590)
at org.testng.Assert.assertEqualsImpl(Assert.java:150)
at org.testng.Assert.assertEquals(Assert.java:132)
at org.testng.Assert.assertEquals(Assert.java:656)
at org.testng.Assert.assertEquals(Assert.java:666)
at com.qa.tests.LoginTests.invalidUserNameTest(LoginTests.java:70)
at java.base/jdk.internal.reflect.DirectMethodHandleAccessor.invoke(DirectMethodHandleAccessor.java:103)
at java.base/java.lang.reflect.Method.invoke(Method.java:580)
at org.testng.internal.invokers.MethodInvocationHelper.invokeMethod(MethodInvocationHelper.java:141)
at org.testng.internal.invokers.TestInvoker.invokeMethod(TestInvoker.java:687)
at org.testng.internal.invokers.TestInvoker.invokeTestMethod(TestInvoker.java:230)
at org.testng.internal.invokers.MethodRunner.runInSequence(MethodRunner.java:63)
at org.testng.internal.invokers.TestInvoker$MethodInvocationAgent.invoke(TestInvoker.java:995)
at org.testng.internal.invokers.TestInvoker.invokeTestMethods(TestInvoker.java:203)
at org.testng.internal.invokers.TestMethodWorker.invokeTestMethods(TestMethodWorker.java:154)
at org.testng.internal.invokers.TestMethodWorker.run(TestMethodWorker.java:134)
at java.base/java.util.ArrayList.forEach(ArrayList.java:1596)
at org.testng.TestRunner.privateRun(TestRunner.java:741)
at org.testng.TestRunner.run(TestRunner.java:616)
at org.testng.SuiteRunner.runTest(SuiteRunner.java:421)
at org.testng.SuiteRunner$SuiteWorker.run(SuiteRunner.java:463)
at org.testng.internal.thread.ThreadUtil.lambda$execute$0(ThreadUtil.java:64)
at java.base/java.util.concurrent.FutureTask.run$$$capture(FutureTask.java:317)
at java.base/java.util.concurrent.FutureTask.run(FutureTask.java)
at --- Async.Stack.Trace --- (captured by IntelliJ IDEA debugger)
at java.base/java.util.concurrent.FutureTask.<init>(FutureTask.java:132)
at java.base/java.util.concurrent.AbstractExecutorService.newTaskFor(AbstractExecutorService.java:113)
at java.base/java.util.concurrent.AbstractExecutorService.invokeAll(AbstractExecutorService.java:274)
at org.testng.internal.thread.ThreadUtil.execute(ThreadUtil.java:70)
at org.testng.SuiteRunner.runInParallelTestMode(SuiteRunner.java:442)
at org.testng.SuiteRunner.privateRun(SuiteRunner.java:371)
at org.testng.SuiteRunner.run(SuiteRunner.java:312)
at org.testng.SuiteRunnerWorker.runSuite(SuiteRunnerWorker.java:52)
at org.testng.SuiteRunnerWorker.run(SuiteRunnerWorker.java:95)
at org.testng.TestNG.runSuitesSequentially(TestNG.java:1274)
at org.testng.TestNG.runSuitesLocally(TestNG.java:1208)
at org.testng.TestNG.runSuites(TestNG.java:1112)
at org.testng.TestNG.run(TestNG.java:1079)
at com.intellij.rt.testng.IDEARemoteTestNG.run(IDEARemoteTestNG.java:65)
at com.intellij.rt.testng.RemoteTestNGStarter.main(RemoteTestNGStarter.java:105)
]]>
    </failure>
    <system-out>
      <![CDATA[This is the sample screenshot
<a href='C:\Users\nguyenv\IdeaProjects\TDDFrameWork\Screenshots\Android_9.0_Pixel_9\2025-09-15_09-50-30\LoginTests\invalidUserNameTest.png'> <img src='C:\Users\nguyenv\IdeaProjects\TDDFrameWork\Screenshots\Android_9.0_Pixel_9\2025-09-15_09-50-30\LoginTests\invalidUserNameTest.png' height='400' width='400'/> </a>]]>
    </system-out>
  </testcase> <!-- invalidUserNameTest -->
  <system-out>
    <![CDATA[This is the sample screenshot
<a href='C:\Users\nguyenv\IdeaProjects\TDDFrameWork\Screenshots\Android_9.0_Pixel_9\2025-09-15_09-50-30\LoginTests\invalidUserNameTest.png'> <img src='C:\Users\nguyenv\IdeaProjects\TDDFrameWork\Screenshots\Android_9.0_Pixel_9\2025-09-15_09-50-30\LoginTests\invalidUserNameTest.png' height='400' width='400'/> </a>]]>
  </system-out>
</testsuite> <!-- com.qa.tests.LoginTests -->
